<?xml version="1.0" encoding="UTF-8"?>
<!-- Generated by org.testng.reporters.JUnitXMLReporter -->
<testsuite hostname="GUDU-PC" ignored="0" name="Test" tests="3" failures="0" timestamp="28 May 2021 07:27:26 GMT" time="3.433" errors="0">
  <testcase name="postAPITest" time="2.423" classname="com.qa.test.PostAPITest"/>
  <testcase name="getAPITestWithoutHeaders" time="0.49" classname="com.qa.test.GetAPITest"/>
  <testcase name="getAPITestWithHeaders" time="0.44" classname="com.qa.test.GetAPITest"/>
</testsuite> <!-- Test -->
